<?xml version="1.0" encoding="utf-8"?><testsuites name="pytest tests"><testsuite name="pytest" errors="0" failures="0" skipped="0" tests="10" time="2.607" timestamp="2026-05-13T13:05:38.432432+00:00" hostname="agent-env-9efd4e90-3cdc-448b-b328-fec769735559"><testcase classname="backend.tests.test_prompt4_hardening.TestHealthAndBasicAPIs" name="test_health_endpoint" time="0.151" /><testcase classname="backend.tests.test_prompt4_hardening.TestHealthAndBasicAPIs" name="test_root_endpoint" time="0.105" /><testcase classname="backend.tests.test_prompt4_hardening.TestHealthAndBasicAPIs" name="test_rates_endpoint" time="0.129" /><testcase classname="backend.tests.test_prompt4_hardening.TestAuthenticationFlow" name="test_register_or_login" time="0.360" /><testcase classname="backend.tests.test_prompt4_hardening.TestSwapCurrencyEndpoint" name="test_swap_quote_returns_kyc_blocked" time="0.456" /><testcase classname="backend.tests.test_prompt4_hardening.TestSwapCurrencyEndpoint" name="test_swap_invalid_currency" time="0.104" /><testcase classname="backend.tests.test_prompt4_hardening.TestWithdrawEndpoint" name="test_withdraw_returns_kyc_blocked" time="0.489" /><testcase classname="backend.tests.test_prompt4_hardening.TestEntityEndpoints" name="test_list_conversion_rates" time="0.473" /><testcase classname="backend.tests.test_prompt4_hardening.TestEntityEndpoints" name="test_list_wallets" time="0.103" /><testcase classname="backend.tests.test_prompt4_hardening.TestEntityEndpoints" name="test_get_balance" time="0.153" /></testsuite></testsuites>