<?xml version="1.0" encoding="utf-8"?><testsuites name="pytest tests"><testsuite name="pytest" errors="0" failures="0" skipped="0" tests="26" time="9.294" timestamp="2026-03-26T20:10:01.680237+00:00" hostname="agent-env-9efd4e90-3cdc-448b-b328-fec769735559"><testcase classname="backend.tests.test_paysible_api.TestHealthEndpoint" name="test_health_check" time="0.181" /><testcase classname="backend.tests.test_paysible_api.TestAuthentication" name="test_login_success" time="0.428" /><testcase classname="backend.tests.test_paysible_api.TestAuthentication" name="test_login_invalid_credentials" time="0.172" /><testcase classname="backend.tests.test_paysible_api.TestAuthentication" name="test_register_new_user" time="0.365" /><testcase classname="backend.tests.test_paysible_api.TestAuthentication" name="test_register_duplicate_email" time="0.118" /><testcase classname="backend.tests.test_paysible_api.TestAuthentication" name="test_get_me_authenticated" time="0.465" /><testcase classname="backend.tests.test_paysible_api.TestAuthentication" name="test_get_me_unauthenticated" time="0.135" /><testcase classname="backend.tests.test_paysible_api.TestConversionRates" name="test_get_all_rates" time="0.191" /><testcase classname="backend.tests.test_paysible_api.TestConversionRates" name="test_get_specific_rate_usd_ngn" time="0.108" /><testcase classname="backend.tests.test_paysible_api.TestConversionRates" name="test_get_specific_rate_usdc_usd" time="0.105" /><testcase classname="backend.tests.test_paysible_api.TestWallets" name="test_get_balance" time="0.568" /><testcase classname="backend.tests.test_paysible_api.TestWallets" name="test_list_wallets" time="0.498" /><testcase classname="backend.tests.test_paysible_api.TestKYC" name="test_submit_kyc_auto_approve" time="0.481" /><testcase classname="backend.tests.test_paysible_api.TestKYC" name="test_submit_kyc_missing_name" time="0.463" /><testcase classname="backend.tests.test_paysible_api.TestBankAccounts" name="test_verify_bank_account_test_mode" time="0.468" /><testcase classname="backend.tests.test_paysible_api.TestBankAccounts" name="test_verify_bank_invalid_account_number" time="0.476" /><testcase classname="backend.tests.test_paysible_api.TestBankAccounts" name="test_verify_bank_unknown_bank" time="0.523" /><testcase classname="backend.tests.test_paysible_api.TestDepositAccounts" name="test_seed_demo_data" time="0.150" /><testcase classname="backend.tests.test_paysible_api.TestDepositAccounts" name="test_list_deposit_accounts" time="0.580" /><testcase classname="backend.tests.test_paysible_api.TestFileUpload" name="test_upload_image_file" time="0.534" /><testcase classname="backend.tests.test_paysible_api.TestFileUpload" name="test_upload_invalid_file_type" time="0.497" /><testcase classname="backend.tests.test_paysible_api.TestBiometricLogin" name="test_biometric_login_existing_user" time="0.157" /><testcase classname="backend.tests.test_paysible_api.TestBiometricLogin" name="test_biometric_login_nonexistent_user" time="0.106" /><testcase classname="backend.tests.test_paysible_api.TestCurrencySwap" name="test_swap_insufficient_balance" time="0.456" /><testcase classname="backend.tests.test_paysible_api.TestDepositFiat" name="test_deposit_usd_details" time="0.473" /><testcase classname="backend.tests.test_paysible_api.TestDepositFiat" name="test_deposit_ngn_details" time="0.510" /></testsuite></testsuites>