<?xml version="1.0" encoding="utf-8"?><testsuites name="pytest tests"><testsuite name="pytest" errors="0" failures="1" skipped="0" tests="26" time="9.524" timestamp="2026-03-26T19:57:33.611417+00:00" hostname="agent-env-9efd4e90-3cdc-448b-b328-fec769735559"><testcase classname="backend.tests.test_paysible_api.TestHealthEndpoint" name="test_health_check" time="0.322" /><testcase classname="backend.tests.test_paysible_api.TestAuthentication" name="test_login_success" time="0.397" /><testcase classname="backend.tests.test_paysible_api.TestAuthentication" name="test_login_invalid_credentials" time="0.158" /><testcase classname="backend.tests.test_paysible_api.TestAuthentication" name="test_register_new_user" time="0.401" /><testcase classname="backend.tests.test_paysible_api.TestAuthentication" name="test_register_duplicate_email" time="0.130" /><testcase classname="backend.tests.test_paysible_api.TestAuthentication" name="test_get_me_authenticated" time="0.499" /><testcase classname="backend.tests.test_paysible_api.TestAuthentication" name="test_get_me_unauthenticated" time="0.158" /><testcase classname="backend.tests.test_paysible_api.TestConversionRates" name="test_get_all_rates" time="0.163" /><testcase classname="backend.tests.test_paysible_api.TestConversionRates" name="test_get_specific_rate_usd_ngn" time="0.100" /><testcase classname="backend.tests.test_paysible_api.TestConversionRates" name="test_get_specific_rate_usdc_usd" time="0.175" /><testcase classname="backend.tests.test_paysible_api.TestWallets" name="test_get_balance" time="0.487" /><testcase classname="backend.tests.test_paysible_api.TestWallets" name="test_list_wallets" time="0.478" /><testcase classname="backend.tests.test_paysible_api.TestKYC" name="test_submit_kyc_auto_approve" time="0.456" /><testcase classname="backend.tests.test_paysible_api.TestKYC" name="test_submit_kyc_missing_name" time="0.470" /><testcase classname="backend.tests.test_paysible_api.TestBankAccounts" name="test_verify_bank_account_test_mode" time="0.447" /><testcase classname="backend.tests.test_paysible_api.TestBankAccounts" name="test_verify_bank_invalid_account_number" time="0.461" /><testcase classname="backend.tests.test_paysible_api.TestBankAccounts" name="test_verify_bank_unknown_bank" time="0.449" /><testcase classname="backend.tests.test_paysible_api.TestDepositAccounts" name="test_seed_demo_data" time="0.103" /><testcase classname="backend.tests.test_paysible_api.TestDepositAccounts" name="test_list_deposit_accounts" time="0.523" /><testcase classname="backend.tests.test_paysible_api.TestFileUpload" name="test_upload_image_file" time="0.481" /><testcase classname="backend.tests.test_paysible_api.TestFileUpload" name="test_upload_invalid_file_type" time="0.446" /><testcase classname="backend.tests.test_paysible_api.TestBiometricLogin" name="test_biometric_login_existing_user" time="0.125" /><testcase classname="backend.tests.test_paysible_api.TestBiometricLogin" name="test_biometric_login_nonexistent_user" time="0.117" /><testcase classname="backend.tests.test_paysible_api.TestCurrencySwap" name="test_swap_quote_only" time="0.531"><failure message="assert 400 == 200&#10; +  where 400 = &lt;Response [400]&gt;.status_code">backend/tests/test_paysible_api.py:428: in test_swap_quote_only
    assert response.status_code == 200
E   assert 400 == 200
E    +  where 400 = &lt;Response [400]&gt;.status_code</failure></testcase><testcase classname="backend.tests.test_paysible_api.TestDepositFiat" name="test_deposit_usd_details" time="0.461" /><testcase classname="backend.tests.test_paysible_api.TestDepositFiat" name="test_deposit_ngn_details" time="0.766" /></testsuite></testsuites>