<?xml version="1.0" encoding="utf-8"?><testsuites name="pytest tests"><testsuite name="pytest" errors="0" failures="0" skipped="2" tests="22" time="8.460" timestamp="2026-05-13T11:51:23.049838+00:00" hostname="agent-env-9efd4e90-3cdc-448b-b328-fec769735559"><testcase classname="backend.tests.test_security_migration.TestHealthEndpoint" name="test_health_check" time="0.172" /><testcase classname="backend.tests.test_security_migration.TestHttpOnlyCookieAuth" name="test_login_sets_httponly_cookie" time="0.351" /><testcase classname="backend.tests.test_security_migration.TestHttpOnlyCookieAuth" name="test_auth_me_with_cookie" time="0.441" /><testcase classname="backend.tests.test_security_migration.TestHttpOnlyCookieAuth" name="test_logout_clears_cookie" time="0.536" /><testcase classname="backend.tests.test_security_migration.TestHttpOnlyCookieAuth" name="test_token_refresh" time="0.492" /><testcase classname="backend.tests.test_security_migration.TestBiometricEndpoints" name="test_biometric_register" time="0.459" /><testcase classname="backend.tests.test_security_migration.TestBiometricEndpoints" name="test_biometric_status" time="0.490" /><testcase classname="backend.tests.test_security_migration.TestBiometricEndpoints" name="test_biometric_verify" time="0.765" /><testcase classname="backend.tests.test_security_migration.TestBiometricEndpoints" name="test_biometric_delete" time="0.491" /><testcase classname="backend.tests.test_security_migration.TestPushNotificationEndpoints" name="test_push_register_token" time="0.466" /><testcase classname="backend.tests.test_security_migration.TestPushNotificationEndpoints" name="test_push_get_settings" time="0.425" /><testcase classname="backend.tests.test_security_migration.TestPushNotificationEndpoints" name="test_push_update_settings" time="0.493" /><testcase classname="backend.tests.test_security_migration.TestPushNotificationEndpoints" name="test_push_delete_token" time="0.515" /><testcase classname="backend.tests.test_security_migration.TestAdminAccess" name="test_admin_login" time="0.149"><skipped type="pytest.skip" message="Admin user not found in database - may need to be created">/app/backend/tests/test_security_migration.py:261: Admin user not found in database - may need to be created</skipped></testcase><testcase classname="backend.tests.test_security_migration.TestAdminAccess" name="test_admin_me_endpoint" time="0.192"><skipped type="pytest.skip" message="Admin user not found in database - may need to be created">/app/backend/tests/test_security_migration.py:275: Admin user not found in database - may need to be created</skipped></testcase><testcase classname="backend.tests.test_security_migration.TestUnauthenticatedAccess" name="test_biometric_status_requires_auth" time="0.147" /><testcase classname="backend.tests.test_security_migration.TestUnauthenticatedAccess" name="test_push_settings_requires_auth" time="0.144" /><testcase classname="backend.tests.test_security_migration.TestUnauthenticatedAccess" name="test_biometric_register_requires_auth" time="0.103" /><testcase classname="backend.tests.test_security_migration.TestUnauthenticatedAccess" name="test_push_register_requires_auth" time="0.113" /><testcase classname="backend.tests.test_security_migration.TestWalletAndTransactions" name="test_get_wallets" time="0.464" /><testcase classname="backend.tests.test_security_migration.TestWalletAndTransactions" name="test_get_balance" time="0.486" /><testcase classname="backend.tests.test_security_migration.TestWalletAndTransactions" name="test_get_transactions" time="0.462" /></testsuite></testsuites>